<?xml version="1.0" encoding="UTF-8"?>
<testsuite xmlns:xsi="http://www.w3.org/2001/XMLSchema-instance" xsi:noNamespaceSchemaLocation="https://maven.apache.org/surefire/maven-surefire-plugin/xsd/surefire-test-report-3.0.xsd" version="3.0" name="org.chielokacode.perfectfashion.blogpost.PerfectFashionApplicationTests" time="16.56" tests="1" errors="0" skipped="0" failures="0">
  <properties>
[...]
</properties>
  <testcase name="contextLoads" classname="org.chielokacode.perfectfashion.blogpost.PerfectFashionApplicationTests" time="1.785">
    <system-out><![CDATA[Standard Commons Logging discovery in action with spring-jcl: please remove commons-logging.jar from classpath in order to avoid potential conflicts
20:06:28.525 [main] INFO org.springframework.test.context.support.AnnotationConfigContextLoaderUtils -- Could not detect default configuration classes for test class [org.chielokacode.perfectfashion.blogpost.PerfectFashionApplicationTests]: PerfectFashionApplicationTests does not declare any static, non-private, non-final, nested classes annotated with @Configuration.
20:06:28.783 [main] INFO org.springframework.boot.test.context.SpringBootTestContextBootstrapper -- Found @SpringBootConfiguration org.chielokacode.perfectfashion.blogpost.PerfectFashionApplication for test class org.chielokacode.perfectfashion.blogpost.PerfectFashionApplicationTests
20:06:29.194 [main] INFO org.springframework.boot.devtools.restart.RestartApplicationListener -- Restart disabled due to context in which it is running

  .   ____          _            __ _ _
 /\\ / ___'_ __ _ _(_)_ __  __ _ \ \ \ \
( ( )\___ | '_ | '_| | '_ \/ _` | \ \ \ \
 \\/  ___)| |_)| | | | | || (_| |  ) ) ) )
  '  |____| .__|_| |_|_| |_\__, | / / / /
 =========|_|==============|___/=/_/_/_/
 :: Spring Boot ::                (v3.2.0)

2024-01-13T20:06:29.897+01:00  INFO 35231 --- [           main] o.c.p.b.PerfectFashionApplicationTests   : Starting PerfectFashionApplicationTests using Java 21.0.1 with PID 35231 (started by wikiwoo in /Users/wikiwoo/Desktop/JavaTuts/week-8-ChielokaCodez)
2024-01-13T20:06:29.900+01:00  INFO 35231 --- [           main] o.c.p.b.PerfectFashionApplicationTests   : No active profile set, falling back to 1 default profile: "default"
2024-01-13T20:06:31.881+01:00  INFO 35231 --- [           main] .s.d.r.c.RepositoryConfigurationDelegate : Bootstrapping Spring Data JPA repositories in DEFAULT mode.
2024-01-13T20:06:32.023+01:00  INFO 35231 --- [           main] .s.d.r.c.RepositoryConfigurationDelegate : Finished Spring Data repository scanning in 124 ms. Found 3 JPA repository interfaces.
2024-01-13T20:06:33.253+01:00  INFO 35231 --- [           main] o.hibernate.jpa.internal.util.LogHelper  : HHH000204: Processing PersistenceUnitInfo [name: default]
2024-01-13T20:06:33.408+01:00  INFO 35231 --- [           main] org.hibernate.Version                    : HHH000412: Hibernate ORM core version 6.3.1.Final
2024-01-13T20:06:33.515+01:00  INFO 35231 --- [           main] o.h.c.internal.RegionFactoryInitiator    : HHH000026: Second-level cache disabled
2024-01-13T20:06:34.121+01:00  INFO 35231 --- [           main] o.s.o.j.p.SpringPersistenceUnitInfo      : No LoadTimeWeaver setup: ignoring JPA class transformer
2024-01-13T20:06:34.199+01:00  INFO 35231 --- [           main] com.zaxxer.hikari.HikariDataSource       : HikariPool-1 - Starting...
2024-01-13T20:06:35.397+01:00  INFO 35231 --- [           main] com.zaxxer.hikari.pool.HikariPool        : HikariPool-1 - Added connection com.mysql.cj.jdbc.ConnectionImpl@7ffcb232
2024-01-13T20:06:35.403+01:00  INFO 35231 --- [           main] com.zaxxer.hikari.HikariDataSource       : HikariPool-1 - Start completed.
2024-01-13T20:06:35.799+01:00  WARN 35231 --- [           main] org.hibernate.orm.deprecation            : HHH90000025: MySQLDialect does not need to be specified explicitly using 'hibernate.dialect' (remove the property setting and it will be selected by default)
2024-01-13T20:06:38.896+01:00  INFO 35231 --- [           main] o.h.e.t.j.p.i.JtaPlatformInitiator       : HHH000489: No JTA platform available (set 'hibernate.transaction.jta.platform' to enable JTA platform integration)
2024-01-13T20:06:39.949+01:00  INFO 35231 --- [           main] j.LocalContainerEntityManagerFactoryBean : Initialized JPA EntityManagerFactory for persistence unit 'default'
2024-01-13T20:06:41.225+01:00  WARN 35231 --- [           main] JpaBaseConfiguration$JpaWebConfiguration : spring.jpa.open-in-view is enabled by default. Therefore, database queries may be performed during view rendering. Explicitly configure spring.jpa.open-in-view to disable this warning
2024-01-13T20:06:41.978+01:00  INFO 35231 --- [           main] o.s.s.web.DefaultSecurityFilterChain     : Will secure any request with [org.springframework.security.web.session.DisableEncodeUrlFilter@3524ee20, org.springframework.security.web.context.request.async.WebAsyncManagerIntegrationFilter@6bc1c8d0, org.springframework.security.web.context.SecurityContextHolderFilter@6b6c882c, org.springframework.security.web.header.HeaderWriterFilter@5013c6bc, org.springframework.web.filter.CorsFilter@7f93fce1, org.springframework.security.web.authentication.logout.LogoutFilter@2e10f765, org.chielokacode.perfectfashion.blogpost.utils.JwtAuthenticationFilter@3a5ffea, org.springframework.security.web.savedrequest.RequestCacheAwareFilter@8d5b303, org.springframework.security.web.servletapi.SecurityContextHolderAwareRequestFilter@5984742f, org.springframework.security.web.authentication.AnonymousAuthenticationFilter@5457123a, org.springframework.security.web.session.SessionManagementFilter@34e1c23d, org.springframework.security.web.access.ExceptionTranslationFilter@5e89e527, org.springframework.security.web.access.intercept.AuthorizationFilter@752573df]
2024-01-13T20:06:42.838+01:00  INFO 35231 --- [           main] o.c.p.b.PerfectFashionApplicationTests   : Started PerfectFashionApplicationTests in 13.676 seconds (process running for 16.299)
]]></system-out>
    <system-err><![CDATA[WARNING: A Java agent has been loaded dynamically (/Users/wikiwoo/.m2/repository/net/bytebuddy/byte-buddy-agent/1.14.10/byte-buddy-agent-1.14.10.jar)
WARNING: If a serviceability tool is in use, please run with -XX:+EnableDynamicAgentLoading to hide this warning
WARNING: If a serviceability tool is not in use, please run with -Djdk.instrument.traceUsage for more information
WARNING: Dynamic loading of agents will be disallowed by default in a future release
]]></system-err>
  </testcase>
</testsuite>